<?xml version="1.0"?>
<!DOCTYPE coverage SYSTEM "http://cobertura.sourceforge.net/xml/coverage-04.dtd">

<coverage line-rate="0.0" branch-rate="0.0" lines-covered="0" lines-valid="66" branches-covered="0" branches-valid="11" complexity="2.0" version="2.1.1" timestamp="1556633938554">
	<sources>
		<source>--source</source>
		<source>/home/travis/build/universAAL/context/ctxt.che.mobile/src/main/java</source>
	</sources>
	<packages>
		<package name="org.universAAL.context.chemobile" line-rate="0.0" branch-rate="0.0" complexity="1.5714285714285714">
			<classes>
				<class name="org.universAAL.context.chemobile.Hub" filename="org/universAAL/context/chemobile/Hub.java" line-rate="0.0" branch-rate="1.0" complexity="1.0">
					<methods>
						<method name="&lt;clinit&gt;" signature="()V" line-rate="0.0" branch-rate="1.0" complexity="0">
							<lines>
								<line number="46" hits="0" branch="false"/>
							</lines>
						</method>
						<method name="&lt;init&gt;" signature="()V" line-rate="0.0" branch-rate="1.0" complexity="0">
							<lines>
								<line number="37" hits="0" branch="false"/>
							</lines>
						</method>
						<method name="setSerializer" signature="(Lorg/universAAL/middleware/serialization/MessageContentSerializer;)V" line-rate="0.0" branch-rate="1.0" complexity="0">
							<lines>
								<line number="76" hits="0" branch="false"/>
								<line number="77" hits="0" branch="false"/>
							</lines>
						</method>
						<method name="start" signature="(Lorg/universAAL/middleware/container/ModuleContext;)V" line-rate="0.0" branch-rate="1.0" complexity="0">
							<lines>
								<line number="57" hits="0" branch="false"/>
								<line number="58" hits="0" branch="false"/>
							</lines>
						</method>
						<method name="stop" signature="()V" line-rate="0.0" branch-rate="1.0" complexity="0">
							<lines>
								<line number="66" hits="0" branch="false"/>
								<line number="67" hits="0" branch="false"/>
							</lines>
						</method>
					</methods>
					<lines>
						<line number="37" hits="0" branch="false"/>
						<line number="46" hits="0" branch="false"/>
						<line number="57" hits="0" branch="false"/>
						<line number="58" hits="0" branch="false"/>
						<line number="66" hits="0" branch="false"/>
						<line number="67" hits="0" branch="false"/>
						<line number="76" hits="0" branch="false"/>
						<line number="77" hits="0" branch="false"/>
					</lines>
				</class>
				<class name="org.universAAL.context.chemobile.MobileHistorySubscriber" filename="org/universAAL/context/chemobile/MobileHistorySubscriber.java" line-rate="0.0" branch-rate="0.0" complexity="2.0">
					<methods>
						<method name="&lt;clinit&gt;" signature="()V" line-rate="0.0" branch-rate="1.0" complexity="0">
							<lines>
								<line number="53" hits="0" branch="false"/>
							</lines>
						</method>
						<method name="&lt;init&gt;" signature="(Lorg/universAAL/middleware/container/ModuleContext;)V" line-rate="0.0" branch-rate="0.0" complexity="0">
							<lines>
								<line number="70" hits="0" branch="false"/>
								<line number="71" hits="0" branch="false"/>
								<line number="72" hits="0" branch="false"/>
								<line number="74" hits="0" branch="true" condition-coverage="0% (0/2)">
									<conditions>
										<condition number="0" type="jump" coverage="0%"/>
									</conditions>
								</line>
								<line number="75" hits="0" branch="true" condition-coverage="0% (0/2)">
									<conditions>
										<condition number="0" type="jump" coverage="0%"/>
									</conditions>
								</line>
								<line number="76" hits="0" branch="false"/>
								<line number="80" hits="0" branch="false"/>
								<line number="81" hits="0" branch="false"/>
								<line number="82" hits="0" branch="false"/>
								<line number="83" hits="0" branch="false"/>
								<line number="84" hits="0" branch="false"/>
								<line number="85" hits="0" branch="false"/>
								<line number="86" hits="0" branch="false"/>
							</lines>
						</method>
						<method name="communicationChannelBroken" signature="()V" line-rate="0.0" branch-rate="1.0" complexity="0">
							<lines>
								<line number="97" hits="0" branch="false"/>
							</lines>
						</method>
						<method name="handleContextEvent" signature="(Lorg/universAAL/middleware/context/ContextEvent;)V" line-rate="0.0" branch-rate="1.0" complexity="0">
							<lines>
								<line number="107" hits="0" branch="false"/>
								<line number="109" hits="0" branch="false"/>
								<line number="111" hits="0" branch="false"/>
								<line number="112" hits="0" branch="false"/>
								<line number="113" hits="0" branch="false"/>
								<line number="114" hits="0" branch="false"/>
								<line number="115" hits="0" branch="false"/>
								<line number="116" hits="0" branch="false"/>
								<line number="117" hits="0" branch="false"/>
								<line number="118" hits="0" branch="false"/>
								<line number="119" hits="0" branch="false"/>
								<line number="121" hits="0" branch="false"/>
								<line number="122" hits="0" branch="false"/>
								<line number="123" hits="0" branch="false"/>
							</lines>
						</method>
						<method name="setSerializer" signature="(Lorg/universAAL/middleware/serialization/MessageContentSerializer;)V" line-rate="0.0" branch-rate="1.0" complexity="0">
							<lines>
								<line number="132" hits="0" branch="false"/>
								<line number="133" hits="0" branch="false"/>
							</lines>
						</method>
					</methods>
					<lines>
						<line number="53" hits="0" branch="false"/>
						<line number="70" hits="0" branch="false"/>
						<line number="71" hits="0" branch="false"/>
						<line number="72" hits="0" branch="false"/>
						<line number="74" hits="0" branch="true" condition-coverage="0% (0/2)">
							<conditions>
								<condition number="0" type="jump" coverage="0%"/>
							</conditions>
						</line>
						<line number="75" hits="0" branch="true" condition-coverage="0% (0/2)">
							<conditions>
								<condition number="0" type="jump" coverage="0%"/>
							</conditions>
						</line>
						<line number="76" hits="0" branch="false"/>
						<line number="80" hits="0" branch="false"/>
						<line number="81" hits="0" branch="false"/>
						<line number="82" hits="0" branch="false"/>
						<line number="83" hits="0" branch="false"/>
						<line number="84" hits="0" branch="false"/>
						<line number="85" hits="0" branch="false"/>
						<line number="86" hits="0" branch="false"/>
						<line number="97" hits="0" branch="false"/>
						<line number="107" hits="0" branch="false"/>
						<line number="109" hits="0" branch="false"/>
						<line number="111" hits="0" branch="false"/>
						<line number="112" hits="0" branch="false"/>
						<line number="113" hits="0" branch="false"/>
						<line number="114" hits="0" branch="false"/>
						<line number="115" hits="0" branch="false"/>
						<line number="116" hits="0" branch="false"/>
						<line number="117" hits="0" branch="false"/>
						<line number="118" hits="0" branch="false"/>
						<line number="119" hits="0" branch="false"/>
						<line number="121" hits="0" branch="false"/>
						<line number="122" hits="0" branch="false"/>
						<line number="123" hits="0" branch="false"/>
						<line number="132" hits="0" branch="false"/>
						<line number="133" hits="0" branch="false"/>
					</lines>
				</class>
			</classes>
		</package>
		<package name="org.universAAL.context.chemobile.osgi" line-rate="0.0" branch-rate="0.0" complexity="2.75">
			<classes>
				<class name="org.universAAL.context.chemobile.osgi.Activator" filename="org/universAAL/context/chemobile/osgi/Activator.java" line-rate="0.0" branch-rate="0.0" complexity="2.75">
					<methods>
						<method name="&lt;init&gt;" signature="()V" line-rate="0.0" branch-rate="1.0" complexity="0">
							<lines>
								<line number="40" hits="0" branch="false"/>
							</lines>
						</method>
						<method name="getModuleContext" signature="()Lorg/universAAL/middleware/container/ModuleContext;" line-rate="0.0" branch-rate="1.0" complexity="0">
							<lines>
								<line number="130" hits="0" branch="false"/>
							</lines>
						</method>
						<method name="serviceChanged" signature="(Lorg/osgi/framework/ServiceEvent;)V" line-rate="0.0" branch-rate="0.0" complexity="0">
							<lines>
								<line number="111" hits="0" branch="true" condition-coverage="0% (0/3)">
									<conditions>
										<condition number="0" type="switch" coverage="0%"/>
									</conditions>
								</line>
								<line number="114" hits="0" branch="false"/>
								<line number="115" hits="0" branch="false"/>
								<line number="117" hits="0" branch="false"/>
								<line number="118" hits="0" branch="false"/>
								<line number="122" hits="0" branch="false"/>
							</lines>
						</method>
						<method name="start" signature="(Lorg/osgi/framework/BundleContext;)V" line-rate="0.0" branch-rate="0.0" complexity="0">
							<lines>
								<line number="66" hits="0" branch="false"/>
								<line number="68" hits="0" branch="false"/>
								<line number="69" hits="0" branch="false"/>
								<line number="70" hits="0" branch="false"/>
								<line number="73" hits="0" branch="false"/>
								<line number="76" hits="0" branch="false"/>
								<line number="77" hits="0" branch="false"/>
								<line number="78" hits="0" branch="false"/>
								<line number="79" hits="0" branch="true" condition-coverage="0% (0/4)">
									<conditions>
										<condition number="0" type="jump" coverage="0%"/>
										<condition number="1" type="jump" coverage="0%"/>
									</conditions>
								</line>
								<line number="80" hits="0" branch="false"/>
								<line number="82" hits="0" branch="false"/>
								<line number="83" hits="0" branch="false"/>
								<line number="84" hits="0" branch="false"/>
								<line number="86" hits="0" branch="false"/>
							</lines>
						</method>
						<method name="stop" signature="(Lorg/osgi/framework/BundleContext;)V" line-rate="0.0" branch-rate="1.0" complexity="0">
							<lines>
								<line number="96" hits="0" branch="false"/>
								<line number="97" hits="0" branch="false"/>
								<line number="98" hits="0" branch="false"/>
								<line number="99" hits="0" branch="false"/>
								<line number="100" hits="0" branch="false"/>
							</lines>
						</method>
					</methods>
					<lines>
						<line number="40" hits="0" branch="false"/>
						<line number="66" hits="0" branch="false"/>
						<line number="68" hits="0" branch="false"/>
						<line number="69" hits="0" branch="false"/>
						<line number="70" hits="0" branch="false"/>
						<line number="73" hits="0" branch="false"/>
						<line number="76" hits="0" branch="false"/>
						<line number="77" hits="0" branch="false"/>
						<line number="78" hits="0" branch="false"/>
						<line number="79" hits="0" branch="true" condition-coverage="0% (0/4)">
							<conditions>
								<condition number="0" type="jump" coverage="0%"/>
								<condition number="1" type="jump" coverage="0%"/>
							</conditions>
						</line>
						<line number="80" hits="0" branch="false"/>
						<line number="82" hits="0" branch="false"/>
						<line number="83" hits="0" branch="false"/>
						<line number="84" hits="0" branch="false"/>
						<line number="86" hits="0" branch="false"/>
						<line number="96" hits="0" branch="false"/>
						<line number="97" hits="0" branch="false"/>
						<line number="98" hits="0" branch="false"/>
						<line number="99" hits="0" branch="false"/>
						<line number="100" hits="0" branch="false"/>
						<line number="111" hits="0" branch="true" condition-coverage="0% (0/3)">
							<conditions>
								<condition number="0" type="switch" coverage="0%"/>
							</conditions>
						</line>
						<line number="114" hits="0" branch="false"/>
						<line number="115" hits="0" branch="false"/>
						<line number="117" hits="0" branch="false"/>
						<line number="118" hits="0" branch="false"/>
						<line number="122" hits="0" branch="false"/>
						<line number="130" hits="0" branch="false"/>
					</lines>
				</class>
			</classes>
		</package>
	</packages>
</coverage>
